# JRE version: OpenJDK Runtime Environment (8.0_152-b01) (build 1.8.0_152-release-1343-b01)
# Java VM: OpenJDK 64-Bit Server VM (25.152-b01 mixed mode windows-amd64 compressed oops)
Heap:
 PSYoungGen      total 404992K, used 38399K [0x00000000e0000000, 0x0000000100000000, 0x0000000100000000)
  eden space 366592K, 0% used [0x00000000e0000000,0x00000000e0000000,0x00000000f6600000)
  from space 38400K, 99% used [0x00000000fda80000,0x00000000fffffd58,0x0000000100000000)
  to   space 78848K, 0% used [0x00000000f6600000,0x00000000f6600000,0x00000000fb300000)
 ParOldGen       total 207360K, used 177192K [0x00000000a0000000, 0x00000000aca80000, 0x00000000e0000000)
  object space 207360K, 85% used [0x00000000a0000000,0x00000000aad0a088,0x00000000aca80000)
 Metaspace       used 97880K, capacity 101568K, committed 101760K, reserved 1138688K
  class space    used 12130K, capacity 12831K, committed 12928K, reserved 1048576K
GC Heap History (10 events):
Event: 260.708 GC heap after
Heap after GC invocations=48 (full 4):
 PSYoungGen      total 484864K, used 28149K [0x00000000e0000000, 0x0000000100000000, 0x0000000100000000)
  eden space 456704K, 0% used [0x00000000e0000000,0x00000000e0000000,0x00000000fbe00000)
  from space 28160K, 99% used [0x00000000fe480000,0x00000000ffffd4a0,0x0000000100000000)
  to   space 33792K, 0% used [0x00000000fbe00000,0x00000000fbe00000,0x00000000fdf00000)
 ParOldGen       total 207360K, used 83982K [0x00000000a0000000, 0x00000000aca80000, 0x00000000e0000000)
  object space 207360K, 40% used [0x00000000a0000000,0x00000000a5203a78,0x00000000aca80000)
 Metaspace       used 97213K, capacity 100850K, committed 101120K, reserved 1138688K
  class space    used 12066K, capacity 12780K, committed 12800K, reserved 1048576K
}
Event: 261.741 GC heap before
{Heap before GC invocations=49 (full 4):
 PSYoungGen      total 484864K, used 484853K [0x00000000e0000000, 0x0000000100000000, 0x0000000100000000)
  eden space 456704K, 100% used [0x00000000e0000000,0x00000000fbe00000,0x00000000fbe00000)
  from space 28160K, 99% used [0x00000000fe480000,0x00000000ffffd4a0,0x0000000100000000)
  to   space 33792K, 0% used [0x00000000fbe00000,0x00000000fbe00000,0x00000000fdf00000)
 ParOldGen       total 207360K, used 83982K [0x00000000a0000000, 0x00000000aca80000, 0x00000000e0000000)
  object space 207360K, 40% used [0x00000000a0000000,0x00000000a5203a78,0x00000000aca80000)
 Metaspace       used 97215K, capacity 100850K, committed 101120K, reserved 1138688K
  class space    used 12066K, capacity 12780K, committed 12800K, reserved 1048576K
Event: 261.760 GC heap after
Heap after GC invocations=49 (full 4):
 PSYoungGen      total 483328K, used 26253K [0x00000000e0000000, 0x0000000100000000, 0x0000000100000000)
  eden space 456704K, 0% used [0x00000000e0000000,0x00000000e0000000,0x00000000fbe00000)
  from space 26624K, 98% used [0x00000000fbe00000,0x00000000fd7a3730,0x00000000fd800000)
  to   space 36352K, 0% used [0x00000000fdc80000,0x00000000fdc80000,0x0000000100000000)
 ParOldGen       total 207360K, used 84182K [0x00000000a0000000, 0x00000000aca80000, 0x00000000e0000000)
  object space 207360K, 40% used [0x00000000a0000000,0x00000000a5235a78,0x00000000aca80000)
 Metaspace       used 97215K, capacity 100850K, committed 101120K, reserved 1138688K
  class space    used 12066K, capacity 12780K, committed 12800K, reserved 1048576K
}
Event: 262.709 GC heap before
{Heap before GC invocations=50 (full 4):
 PSYoungGen      total 483328K, used 482957K [0x00000000e0000000, 0x0000000100000000, 0x0000000100000000)
  eden space 456704K, 100% used [0x00000000e0000000,0x00000000fbe00000,0x00000000fbe00000)
  from space 26624K, 98% used [0x00000000fbe00000,0x00000000fd7a3730,0x00000000fd800000)
  to   space 36352K, 0% used [0x00000000fdc80000,0x00000000fdc80000,0x0000000100000000)
 ParOldGen       total 207360K, used 84182K [0x00000000a0000000, 0x00000000aca80000, 0x00000000e0000000)
  object space 207360K, 40% used [0x00000000a0000000,0x00000000a5235a78,0x00000000aca80000)
 Metaspace       used 97217K, capacity 100850K, committed 101120K, reserved 1138688K
  class space    used 12066K, capacity 12780K, committed 12800K, reserved 1048576K
Event: 262.731 GC heap after
Heap after GC invocations=50 (full 4):
 PSYoungGen      total 483840K, used 27445K [0x00000000e0000000, 0x0000000100000000, 0x0000000100000000)
  eden space 447488K, 0% used [0x00000000e0000000,0x00000000e0000000,0x00000000fb500000)
  from space 36352K, 75% used [0x00000000fdc80000,0x00000000ff74d460,0x0000000100000000)
  to   space 38400K, 0% used [0x00000000fb500000,0x00000000fb500000,0x00000000fda80000)
 ParOldGen       total 207360K, used 84182K [0x00000000a0000000, 0x00000000aca80000, 0x00000000e0000000)
  object space 207360K, 40% used [0x00000000a0000000,0x00000000a5235a78,0x00000000aca80000)
 Metaspace       used 97217K, capacity 100850K, committed 101120K, reserved 1138688K
  class space    used 12066K, capacity 12780K, committed 12800K, reserved 1048576K
}
Event: 264.228 GC heap before
{Heap before GC invocations=51 (full 4):
 PSYoungGen      total 483840K, used 474933K [0x00000000e0000000, 0x0000000100000000, 0x0000000100000000)
  eden space 447488K, 100% used [0x00000000e0000000,0x00000000fb500000,0x00000000fb500000)
  from space 36352K, 75% used [0x00000000fdc80000,0x00000000ff74d460,0x0000000100000000)
  to   space 38400K, 0% used [0x00000000fb500000,0x00000000fb500000,0x00000000fda80000)
 ParOldGen       total 207360K, used 84182K [0x00000000a0000000, 0x00000000aca80000, 0x00000000e0000000)
  object space 207360K, 40% used [0x00000000a0000000,0x00000000a5235a78,0x00000000aca80000)
 Metaspace       used 97234K, capacity 100858K, committed 101120K, reserved 1138688K
  class space    used 12067K, capacity 12780K, committed 12800K, reserved 1048576K
Event: 264.234 GC heap after
Heap after GC invocations=51 (full 4):
 PSYoungGen      total 485888K, used 4829K [0x00000000e0000000, 0x0000000100000000, 0x0000000100000000)
  eden space 447488K, 0% used [0x00000000e0000000,0x00000000e0000000,0x00000000fb500000)
  from space 38400K, 12% used [0x00000000fb500000,0x00000000fb9b7670,0x00000000fda80000)
  to   space 38400K, 0% used [0x00000000fda80000,0x00000000fda80000,0x0000000100000000)
 ParOldGen       total 207360K, used 84278K [0x00000000a0000000, 0x00000000aca80000, 0x00000000e0000000)
  object space 207360K, 40% used [0x00000000a0000000,0x00000000a524da78,0x00000000aca80000)
 Metaspace       used 97234K, capacity 100858K, committed 101120K, reserved 1138688K
  class space    used 12067K, capacity 12780K, committed 12800K, reserved 1048576K
}
Event: 266.605 GC heap before
{Heap before GC invocations=52 (full 4):
 PSYoungGen      total 485888K, used 452317K [0x00000000e0000000, 0x0000000100000000, 0x0000000100000000)
  eden space 447488K, 100% used [0x00000000e0000000,0x00000000fb500000,0x00000000fb500000)
  from space 38400K, 12% used [0x00000000fb500000,0x00000000fb9b7670,0x00000000fda80000)
  to   space 38400K, 0% used [0x00000000fda80000,0x00000000fda80000,0x0000000100000000)
 ParOldGen       total 207360K, used 84278K [0x00000000a0000000, 0x00000000aca80000, 0x00000000e0000000)
  object space 207360K, 40% used [0x00000000a0000000,0x00000000a524da78,0x00000000aca80000)
 Metaspace       used 97880K, capacity 101568K, committed 101760K, reserved 1138688K
  class space    used 12130K, capacity 12831K, committed 12928K, reserved 1048576K
Event: 266.744 GC heap after
Heap after GC invocations=52 (full 4):
 PSYoungGen      total 404992K, used 38399K [0x00000000e0000000, 0x0000000100000000, 0x0000000100000000)
  eden space 366592K, 0% used [0x00000000e0000000,0x00000000e0000000,0x00000000f6600000)
  from space 38400K, 99% used [0x00000000fda80000,0x00000000fffffd58,0x0000000100000000)
  to   space 78848K, 0% used [0x00000000f6600000,0x00000000f6600000,0x00000000fb300000)
 ParOldGen       total 207360K, used 177192K [0x00000000a0000000, 0x00000000aca80000, 0x00000000e0000000)
  object space 207360K, 85% used [0x00000000a0000000,0x00000000aad0a088,0x00000000aca80000)
 Metaspace       used 97880K, capacity 101568K, committed 101760K, reserved 1138688K
  class space    used 12130K, capacity 12831K, committed 12928K, reserved 1048576K
}
Event: 266.745 GC heap before
{Heap before GC invocations=53 (full 5):
 PSYoungGen      total 404992K, used 38399K [0x00000000e0000000, 0x0000000100000000, 0x0000000100000000)
  eden space 366592K, 0% used [0x00000000e0000000,0x00000000e0000000,0x00000000f6600000)
  from space 38400K, 99% used [0x00000000fda80000,0x00000000fffffd58,0x0000000100000000)
  to   space 78848K, 0% used [0x00000000f6600000,0x00000000f6600000,0x00000000fb300000)
 ParOldGen       total 207360K, used 177192K [0x00000000a0000000, 0x00000000aca80000, 0x00000000e0000000)
  object space 207360K, 85% used [0x00000000a0000000,0x00000000aad0a088,0x00000000aca80000)
 Metaspace       used 97880K, capacity 101568K, committed 101760K, reserved 1138688K
  class space    used 12130K, capacity 12831K, committed 12928K, reserved 1048576K

